<?xml version="1.0" encoding="UTF-8"?>
<testsuite name="smoke"
           tests="5"
           failures="0"
           errors="0"
           skipped="0"
           time="123.157">
  <properties />
  
  
            <testcase name="verifyJobSearchResultUsingDifferentDataSet" time="24.630" classname="uk.co.library.testsuite.JobSearchTest" />
                <testcase name="verifyJobSearchResultUsingDifferentDataSet" time="26.392" classname="uk.co.library.testsuite.JobSearchTest" />
                <testcase name="verifyJobSearchResultUsingDifferentDataSet" time="24.206" classname="uk.co.library.testsuite.JobSearchTest" />
                <testcase name="verifyJobSearchResultUsingDifferentDataSet" time="24.144" classname="uk.co.library.testsuite.JobSearchTest" />
                <testcase name="verifyJobSearchResultUsingDifferentDataSet" time="23.785" classname="uk.co.library.testsuite.JobSearchTest" />
      
</testsuite>
